[1734258903.894][INFO]: Starting ChromeDriver 131.0.6778.108 (3b014839fbc4fb688b2f5af512d6ce312ad208b1-refs/branch-heads/6778@{#2393}) on port 21658
[1734258903.894][INFO]: Please see https://chromedriver.chromium.org/security-considerations for suggestions on keeping ChromeDriver safe.
[1734258903.905][INFO]: ChromeDriver was started successfully on port 21658
[1734258904.100][INFO]: [7d5f84363530930d129a784e58f6e4d1] COMMAND InitSession {
   "capabilities": {
      "firstMatch": [ {
         "browserName": "chrome",
         "goog:chromeOptions": {
            "args": [ "--remote-allow-origins=*" ],
            "binary": "C:\\Program Files\\Google\\Chrome\\Application\\chrome.exe",
            "extensions": [  ]
         },
         "goog:loggingPrefs": {
            "browser": "ALL",
            "driver": "ALL"
         }
      } ]
   }
}
[1734258904.101][INFO]: Populating Preferences file: {
   "alternate_error_pages": {
      "enabled": false
   },
   "autofill": {
      "enabled": false
   },
   "browser": {
      "check_default_browser": false
   },
   "distribution": {
      "import_bookmarks": false,
      "import_history": false,
      "import_search_engine": false,
      "make_chrome_default_for_user": false,
      "skip_first_run_ui": true
   },
   "dns_prefetching": {
      "enabled": false
   },
   "profile": {
      "content_settings": {
         "pattern_pairs": {
            "https://*,*": {
               "media-stream": {
                  "audio": "Default",
                  "video": "Default"
               }
            }
         }
      },
      "default_content_setting_values": {
         "geolocation": 1
      },
      "default_content_settings": {
         "geolocation": 1,
         "mouselock": 1,
         "notifications": 1,
         "popups": 1,
         "ppapi-broker": 1
      },
      "password_manager_enabled": false
   },
   "safebrowsing": {
      "enabled": false
   },
   "search": {
      "suggest_enabled": false
   },
   "translate": {
      "enabled": false
   }
}
[1734258904.102][INFO]: Populating Local State file: {
   "background_mode": {
      "enabled": false
   },
   "ssl": {
      "rev_checking": {
         "enabled": false
      }
   }
}
[1734258904.103][INFO]: ChromeDriver supports communication with Chrome via pipes. This is more reliable and more secure.
[1734258904.103][INFO]: Use the --remote-debugging-pipe Chrome switch instead of the default --remote-debugging-port to enable this communication mode.
[1734258904.104][INFO]: Launching chrome: "C:\Program Files\Google\Chrome\Application\chrome.exe" --allow-pre-commit-input --disable-background-networking --disable-backgrounding-occluded-windows --disable-client-side-phishing-detection --disable-default-apps --disable-hang-monitor --disable-popup-blocking --disable-prompt-on-repost --disable-sync --enable-automation --enable-logging --log-level=0 --no-first-run --no-service-autorun --password-store=basic --remote-allow-origins=* --remote-debugging-port=0 --test-type=webdriver --use-mock-keychain --user-data-dir="C:\Users\Dell\AppData\Local\Temp\scoped_dir9768_1227313819" data:,
[1734258904.952][INFO]: resolved localhost to ["::1","127.0.0.1"]
[1734258905.199][INFO]: [7d5f84363530930d129a784e58f6e4d1] RESPONSE InitSession {
   "capabilities": {
      "acceptInsecureCerts": false,
      "browserName": "chrome",
      "browserVersion": "131.0.6778.140",
      "chrome": {
         "chromedriverVersion": "131.0.6778.108 (3b014839fbc4fb688b2f5af512d6ce312ad208b1-refs/branch-heads/6778@{#2393})",
         "userDataDir": "C:\\Users\\Dell\\AppData\\Local\\Temp\\scoped_dir9768_1227313819"
      },
      "fedcm:accounts": true,
      "goog:chromeOptions": {
         "debuggerAddress": "localhost:61966"
      },
      "networkConnectionEnabled": false,
      "pageLoadStrategy": "normal",
      "platformName": "windows",
      "proxy": {
      },
      "setWindowRect": true,
      "strictFileInteractability": false,
      "timeouts": {
         "implicit": 0,
         "pageLoad": 300000,
         "script": 30000
      },
      "unhandledPromptBehavior": "dismiss and notify",
      "webauthn:extension:credBlob": true,
      "webauthn:extension:largeBlob": true,
      "webauthn:extension:minPinLength": true,
      "webauthn:extension:prf": true,
      "webauthn:virtualAuthenticators": true
   },
   "sessionId": "7d5f84363530930d129a784e58f6e4d1"
}
[1734258905.580][INFO]: [7d5f84363530930d129a784e58f6e4d1] COMMAND MaximizeWindow {
}
[1734258905.580][INFO]: Waiting for pending navigations...
[1734258905.581][INFO]: Done waiting for pending navigations. Status: ok
[1734258905.638][INFO]: Waiting for pending navigations...
[1734258905.638][INFO]: Done waiting for pending navigations. Status: ok
[1734258905.638][INFO]: [7d5f84363530930d129a784e58f6e4d1] RESPONSE MaximizeWindow {
   "height": 744,
   "width": 1382,
   "x": -8,
   "y": -8
}
[1734258905.682][INFO]: [7d5f84363530930d129a784e58f6e4d1] COMMAND Navigate {
   "url": "https://docs.google.com/forms/d/e/1FAIpQLSep9LTMntH5YqIXa5nkiPKSs283kdwitBBhXWyZdAS-e4CxBQ/viewform"
}
[1734258905.682][INFO]: Waiting for pending navigations...
[1734258905.683][INFO]: Done waiting for pending navigations. Status: ok
[1734258908.784][INFO]: Waiting for pending navigations...
[1734258913.703][INFO]: Done waiting for pending navigations. Status: ok
[1734258913.703][INFO]: [7d5f84363530930d129a784e58f6e4d1] RESPONSE Navigate
[1734258915.712][INFO]: [7d5f84363530930d129a784e58f6e4d1] COMMAND FindElement {
   "using": "xpath",
   "value": "(//input[@class='whsOnd zHQkBf'])[1]"
}
[1734258915.712][INFO]: Waiting for pending navigations...
[1734258915.713][INFO]: Done waiting for pending navigations. Status: ok
[1734258915.751][INFO]: Waiting for pending navigations...
[1734258915.752][INFO]: Done waiting for pending navigations. Status: ok
[1734258915.752][INFO]: [7d5f84363530930d129a784e58f6e4d1] RESPONSE FindElement {
   "element-6066-11e4-a52e-4f735466cecf": "f.4C4EF801CE16746D967E4FFCB451F1D7.d.7E4E69B4ED1A55BAA1B8690185C36CD5.e.7"
}
[1734258915.762][INFO]: [7d5f84363530930d129a784e58f6e4d1] COMMAND ClearElement {
   "id": "f.4C4EF801CE16746D967E4FFCB451F1D7.d.7E4E69B4ED1A55BAA1B8690185C36CD5.e.7"
}
[1734258915.762][INFO]: Waiting for pending navigations...
[1734258915.763][INFO]: Done waiting for pending navigations. Status: ok
[1734258915.818][INFO]: 
	=== NOTE: ===
	The Clear command in ChromeDriver 2.43 and above
	has been updated to conform to the current standard,
	including raising blur event after clearing.

[1734258915.839][INFO]: Waiting for pending navigations...
[1734258915.840][INFO]: Done waiting for pending navigations. Status: ok
[1734258915.841][INFO]: [7d5f84363530930d129a784e58f6e4d1] RESPONSE ClearElement
[1734258915.850][INFO]: [7d5f84363530930d129a784e58f6e4d1] COMMAND TypeElement {
   "id": "f.4C4EF801CE16746D967E4FFCB451F1D7.d.7E4E69B4ED1A55BAA1B8690185C36CD5.e.7",
   "text": "Crio Learner",
   "value": [ "C", "r", "i", "o", " ", "L", "e", "a", "r", "n", "e", "r" ]
}
[1734258915.850][INFO]: Waiting for pending navigations...
[1734258915.851][INFO]: Done waiting for pending navigations. Status: ok
[1734258916.052][INFO]: Waiting for pending navigations...
[1734258916.060][INFO]: Done waiting for pending navigations. Status: ok
[1734258916.060][INFO]: [7d5f84363530930d129a784e58f6e4d1] RESPONSE TypeElement
[1734258916.066][INFO]: [7d5f84363530930d129a784e58f6e4d1] COMMAND FindElement {
   "using": "xpath",
   "value": "//textarea[@class='KHxj8b tL9Q4c']"
}
[1734258916.066][INFO]: Waiting for pending navigations...
[1734258916.071][INFO]: Done waiting for pending navigations. Status: ok
[1734258916.093][INFO]: Waiting for pending navigations...
[1734258916.094][INFO]: Done waiting for pending navigations. Status: ok
[1734258916.094][INFO]: [7d5f84363530930d129a784e58f6e4d1] RESPONSE FindElement {
   "element-6066-11e4-a52e-4f735466cecf": "f.4C4EF801CE16746D967E4FFCB451F1D7.d.7E4E69B4ED1A55BAA1B8690185C36CD5.e.9"
}
[1734258916.099][INFO]: [7d5f84363530930d129a784e58f6e4d1] COMMAND ClearElement {
   "id": "f.4C4EF801CE16746D967E4FFCB451F1D7.d.7E4E69B4ED1A55BAA1B8690185C36CD5.e.9"
}
[1734258916.099][INFO]: Waiting for pending navigations...
[1734258916.100][INFO]: Done waiting for pending navigations. Status: ok
[1734258916.136][INFO]: Waiting for pending navigations...
[1734258916.136][INFO]: Done waiting for pending navigations. Status: ok
[1734258916.136][INFO]: [7d5f84363530930d129a784e58f6e4d1] RESPONSE ClearElement
[1734258916.146][INFO]: [7d5f84363530930d129a784e58f6e4d1] COMMAND TypeElement {
   "id": "f.4C4EF801CE16746D967E4FFCB451F1D7.d.7E4E69B4ED1A55BAA1B8690185C36CD5.e.9",
   "text": "I want to be the best QA Engineer! 1734258916094",
   "value": [ "I", " ", "w", "a", "n", "t", " ", "t", "o", " ", "b", "e", " ", "t", "h", "e", " ", "b", "e", "s", "t", " ", "Q", "A", " ", "E", "n", "g", "i", "n", "e", "e", "r", "!", " ", "1", "7", "3", "4", "2", "5", "8", "9", "1", "6", "0", "9", "4" ]
}
[1734258916.146][INFO]: Waiting for pending navigations...
[1734258916.147][INFO]: Done waiting for pending navigations. Status: ok
[1734258916.434][INFO]: Waiting for pending navigations...
[1734258916.442][INFO]: Done waiting for pending navigations. Status: ok
[1734258916.442][INFO]: [7d5f84363530930d129a784e58f6e4d1] RESPONSE TypeElement
[1734258916.447][INFO]: [7d5f84363530930d129a784e58f6e4d1] COMMAND FindElement {
   "using": "xpath",
   "value": "(//div[@class='AB7Lab Id5V1'])[2]"
}
[1734258916.447][INFO]: Waiting for pending navigations...
[1734258916.448][INFO]: Done waiting for pending navigations. Status: ok
[1734258916.466][INFO]: Waiting for pending navigations...
[1734258916.466][INFO]: Done waiting for pending navigations. Status: ok
[1734258916.466][INFO]: [7d5f84363530930d129a784e58f6e4d1] RESPONSE FindElement {
   "element-6066-11e4-a52e-4f735466cecf": "f.4C4EF801CE16746D967E4FFCB451F1D7.d.7E4E69B4ED1A55BAA1B8690185C36CD5.e.46"
}
[1734258916.476][INFO]: [7d5f84363530930d129a784e58f6e4d1] COMMAND ClickElement {
   "id": "f.4C4EF801CE16746D967E4FFCB451F1D7.d.7E4E69B4ED1A55BAA1B8690185C36CD5.e.46"
}
[1734258916.476][INFO]: Waiting for pending navigations...
[1734258916.477][INFO]: Done waiting for pending navigations. Status: ok
[1734258916.631][INFO]: Waiting for pending navigations...
[1734258916.636][INFO]: Done waiting for pending navigations. Status: ok
[1734258916.637][INFO]: [7d5f84363530930d129a784e58f6e4d1] RESPONSE ClickElement
[1734258916.644][INFO]: [7d5f84363530930d129a784e58f6e4d1] COMMAND FindElement {
   "using": "xpath",
   "value": "(//div[@class='uHMk6b fsHoPb'])[1]"
}
[1734258916.644][INFO]: Waiting for pending navigations...
[1734258916.646][INFO]: Done waiting for pending navigations. Status: ok
[1734258916.671][INFO]: Waiting for pending navigations...
[1734258916.672][INFO]: Done waiting for pending navigations. Status: ok
[1734258916.673][INFO]: [7d5f84363530930d129a784e58f6e4d1] RESPONSE FindElement {
   "element-6066-11e4-a52e-4f735466cecf": "f.4C4EF801CE16746D967E4FFCB451F1D7.d.7E4E69B4ED1A55BAA1B8690185C36CD5.e.48"
}
[1734258916.684][INFO]: [7d5f84363530930d129a784e58f6e4d1] COMMAND ClickElement {
   "id": "f.4C4EF801CE16746D967E4FFCB451F1D7.d.7E4E69B4ED1A55BAA1B8690185C36CD5.e.48"
}
[1734258916.684][INFO]: Waiting for pending navigations...
[1734258916.685][INFO]: Done waiting for pending navigations. Status: ok
[1734258916.818][INFO]: Waiting for pending navigations...
[1734258916.819][INFO]: Done waiting for pending navigations. Status: ok
[1734258916.819][INFO]: [7d5f84363530930d129a784e58f6e4d1] RESPONSE ClickElement
[1734258916.828][INFO]: [7d5f84363530930d129a784e58f6e4d1] COMMAND FindElement {
   "using": "xpath",
   "value": "(//div[@class='uHMk6b fsHoPb'])[2]"
}
[1734258916.828][INFO]: Waiting for pending navigations...
[1734258916.830][INFO]: Done waiting for pending navigations. Status: ok
[1734258916.850][INFO]: Waiting for pending navigations...
[1734258916.852][INFO]: Done waiting for pending navigations. Status: ok
[1734258916.852][INFO]: [7d5f84363530930d129a784e58f6e4d1] RESPONSE FindElement {
   "element-6066-11e4-a52e-4f735466cecf": "f.4C4EF801CE16746D967E4FFCB451F1D7.d.7E4E69B4ED1A55BAA1B8690185C36CD5.e.50"
}
[1734258916.862][INFO]: [7d5f84363530930d129a784e58f6e4d1] COMMAND ClickElement {
   "id": "f.4C4EF801CE16746D967E4FFCB451F1D7.d.7E4E69B4ED1A55BAA1B8690185C36CD5.e.50"
}
[1734258916.862][INFO]: Waiting for pending navigations...
[1734258916.863][INFO]: Done waiting for pending navigations. Status: ok
[1734258917.001][INFO]: Waiting for pending navigations...
[1734258917.002][INFO]: Done waiting for pending navigations. Status: ok
[1734258917.002][INFO]: [7d5f84363530930d129a784e58f6e4d1] RESPONSE ClickElement
[1734258917.010][INFO]: [7d5f84363530930d129a784e58f6e4d1] COMMAND FindElement {
   "using": "xpath",
   "value": "(//div[@class='uHMk6b fsHoPb'])[4]"
}
[1734258917.010][INFO]: Waiting for pending navigations...
[1734258917.015][INFO]: Done waiting for pending navigations. Status: ok
[1734258917.036][INFO]: Waiting for pending navigations...
[1734258917.037][INFO]: Done waiting for pending navigations. Status: ok
[1734258917.037][INFO]: [7d5f84363530930d129a784e58f6e4d1] RESPONSE FindElement {
   "element-6066-11e4-a52e-4f735466cecf": "f.4C4EF801CE16746D967E4FFCB451F1D7.d.7E4E69B4ED1A55BAA1B8690185C36CD5.e.52"
}
[1734258917.045][INFO]: [7d5f84363530930d129a784e58f6e4d1] COMMAND ClickElement {
   "id": "f.4C4EF801CE16746D967E4FFCB451F1D7.d.7E4E69B4ED1A55BAA1B8690185C36CD5.e.52"
}
[1734258917.045][INFO]: Waiting for pending navigations...
[1734258917.047][INFO]: Done waiting for pending navigations. Status: ok
[1734258917.155][INFO]: Waiting for pending navigations...
[1734258917.156][INFO]: Done waiting for pending navigations. Status: ok
[1734258917.156][INFO]: [7d5f84363530930d129a784e58f6e4d1] RESPONSE ClickElement
[1734258917.164][INFO]: [7d5f84363530930d129a784e58f6e4d1] COMMAND FindElement {
   "using": "xpath",
   "value": "(//div[@jsname='d9BH4c'])[1]"
}
[1734258917.164][INFO]: Waiting for pending navigations...
[1734258917.165][INFO]: Done waiting for pending navigations. Status: ok
[1734258917.184][INFO]: Waiting for pending navigations...
[1734258917.185][INFO]: Done waiting for pending navigations. Status: ok
[1734258917.185][INFO]: [7d5f84363530930d129a784e58f6e4d1] RESPONSE FindElement {
   "element-6066-11e4-a52e-4f735466cecf": "f.4C4EF801CE16746D967E4FFCB451F1D7.d.7E4E69B4ED1A55BAA1B8690185C36CD5.e.54"
}
[1734258917.194][INFO]: [7d5f84363530930d129a784e58f6e4d1] COMMAND ClickElement {
   "id": "f.4C4EF801CE16746D967E4FFCB451F1D7.d.7E4E69B4ED1A55BAA1B8690185C36CD5.e.54"
}
[1734258917.194][INFO]: Waiting for pending navigations...
[1734258917.195][INFO]: Done waiting for pending navigations. Status: ok
[1734258917.326][INFO]: Waiting for pending navigations...
[1734258917.330][INFO]: Done waiting for pending navigations. Status: ok
[1734258917.330][INFO]: [7d5f84363530930d129a784e58f6e4d1] RESPONSE ClickElement
[1734258917.345][INFO]: [7d5f84363530930d129a784e58f6e4d1] COMMAND FindElement {
   "using": "xpath",
   "value": "(//span[text()='Mr'])[2]"
}
[1734258917.346][INFO]: Waiting for pending navigations...
[1734258917.347][INFO]: Done waiting for pending navigations. Status: ok
[1734258917.380][INFO]: Waiting for pending navigations...
[1734258917.381][INFO]: Done waiting for pending navigations. Status: ok
[1734258917.381][INFO]: [7d5f84363530930d129a784e58f6e4d1] RESPONSE FindElement ERROR no such element: Unable to locate element: {"method":"xpath","selector":"(//span[text()='Mr'])[2]"}
  (Session info: chrome=131.0.6778.140)
[1734258917.903][INFO]: [7d5f84363530930d129a784e58f6e4d1] COMMAND FindElement {
   "using": "xpath",
   "value": "(//span[text()='Mr'])[2]"
}
[1734258917.903][INFO]: Waiting for pending navigations...
[1734258917.904][INFO]: Done waiting for pending navigations. Status: ok
[1734258917.912][INFO]: Waiting for pending navigations...
[1734258917.913][INFO]: Done waiting for pending navigations. Status: ok
[1734258917.913][INFO]: [7d5f84363530930d129a784e58f6e4d1] RESPONSE FindElement {
   "element-6066-11e4-a52e-4f735466cecf": "f.4C4EF801CE16746D967E4FFCB451F1D7.d.7E4E69B4ED1A55BAA1B8690185C36CD5.e.56"
}
[1734258917.919][INFO]: [7d5f84363530930d129a784e58f6e4d1] COMMAND FindElement {
   "using": "xpath",
   "value": "(//span[text()='Mr'])[2]"
}
[1734258917.919][INFO]: Waiting for pending navigations...
[1734258917.921][INFO]: Done waiting for pending navigations. Status: ok
[1734258917.928][INFO]: Waiting for pending navigations...
[1734258917.929][INFO]: Done waiting for pending navigations. Status: ok
[1734258917.929][INFO]: [7d5f84363530930d129a784e58f6e4d1] RESPONSE FindElement {
   "element-6066-11e4-a52e-4f735466cecf": "f.4C4EF801CE16746D967E4FFCB451F1D7.d.7E4E69B4ED1A55BAA1B8690185C36CD5.e.56"
}
[1734258917.935][INFO]: [7d5f84363530930d129a784e58f6e4d1] COMMAND ClickElement {
   "id": "f.4C4EF801CE16746D967E4FFCB451F1D7.d.7E4E69B4ED1A55BAA1B8690185C36CD5.e.56"
}
[1734258917.935][INFO]: Waiting for pending navigations...
[1734258917.936][INFO]: Done waiting for pending navigations. Status: ok
[1734258918.036][INFO]: Waiting for pending navigations...
[1734258918.042][INFO]: Done waiting for pending navigations. Status: ok
[1734258918.043][INFO]: [7d5f84363530930d129a784e58f6e4d1] RESPONSE ClickElement
[1734258918.048][INFO]: [7d5f84363530930d129a784e58f6e4d1] COMMAND FindElement {
   "using": "xpath",
   "value": "(//input[@class='whsOnd zHQkBf'])[2]"
}
[1734258918.048][INFO]: Waiting for pending navigations...
[1734258918.049][INFO]: Done waiting for pending navigations. Status: ok
[1734258918.072][INFO]: Waiting for pending navigations...
[1734258918.075][INFO]: Done waiting for pending navigations. Status: ok
[1734258918.075][INFO]: [7d5f84363530930d129a784e58f6e4d1] RESPONSE FindElement {
   "element-6066-11e4-a52e-4f735466cecf": "f.4C4EF801CE16746D967E4FFCB451F1D7.d.7E4E69B4ED1A55BAA1B8690185C36CD5.e.60"
}
[1734258918.092][INFO]: [7d5f84363530930d129a784e58f6e4d1] COMMAND ClearElement {
   "id": "f.4C4EF801CE16746D967E4FFCB451F1D7.d.7E4E69B4ED1A55BAA1B8690185C36CD5.e.60"
}
[1734258918.092][INFO]: Waiting for pending navigations...
[1734258918.094][INFO]: Done waiting for pending navigations. Status: ok
[1734258918.175][INFO]: Waiting for pending navigations...
[1734258918.177][INFO]: Done waiting for pending navigations. Status: ok
[1734258918.177][INFO]: [7d5f84363530930d129a784e58f6e4d1] RESPONSE ClearElement
[1734258918.184][INFO]: [7d5f84363530930d129a784e58f6e4d1] COMMAND TypeElement {
   "id": "f.4C4EF801CE16746D967E4FFCB451F1D7.d.7E4E69B4ED1A55BAA1B8690185C36CD5.e.60",
   "text": "08-12-2024",
   "value": [ "0", "8", "-", "1", "2", "-", "2", "0", "2", "4" ]
}
[1734258918.185][INFO]: Waiting for pending navigations...
[1734258918.186][INFO]: Done waiting for pending navigations. Status: ok
[1734258918.315][INFO]: Waiting for pending navigations...
[1734258918.317][INFO]: Done waiting for pending navigations. Status: ok
[1734258918.317][INFO]: [7d5f84363530930d129a784e58f6e4d1] RESPONSE TypeElement
[1734258918.331][INFO]: [7d5f84363530930d129a784e58f6e4d1] COMMAND FindElement {
   "using": "xpath",
   "value": "(//input[@type='text'])[2]"
}
[1734258918.331][INFO]: Waiting for pending navigations...
[1734258918.332][INFO]: Done waiting for pending navigations. Status: ok
[1734258918.356][INFO]: Waiting for pending navigations...
[1734258918.361][INFO]: Done waiting for pending navigations. Status: ok
[1734258918.362][INFO]: [7d5f84363530930d129a784e58f6e4d1] RESPONSE FindElement {
   "element-6066-11e4-a52e-4f735466cecf": "f.4C4EF801CE16746D967E4FFCB451F1D7.d.7E4E69B4ED1A55BAA1B8690185C36CD5.e.10"
}
[1734258918.368][INFO]: [7d5f84363530930d129a784e58f6e4d1] COMMAND ClearElement {
   "id": "f.4C4EF801CE16746D967E4FFCB451F1D7.d.7E4E69B4ED1A55BAA1B8690185C36CD5.e.10"
}
[1734258918.368][INFO]: Waiting for pending navigations...
[1734258918.369][INFO]: Done waiting for pending navigations. Status: ok
[1734258918.421][INFO]: Waiting for pending navigations...
[1734258918.422][INFO]: Done waiting for pending navigations. Status: ok
[1734258918.422][INFO]: [7d5f84363530930d129a784e58f6e4d1] RESPONSE ClearElement
[1734258918.430][INFO]: [7d5f84363530930d129a784e58f6e4d1] COMMAND TypeElement {
   "id": "f.4C4EF801CE16746D967E4FFCB451F1D7.d.7E4E69B4ED1A55BAA1B8690185C36CD5.e.10",
   "text": "07",
   "value": [ "0", "7" ]
}
[1734258918.430][INFO]: Waiting for pending navigations...
[1734258918.431][INFO]: Done waiting for pending navigations. Status: ok
[1734258918.524][INFO]: Waiting for pending navigations...
[1734258918.528][INFO]: Done waiting for pending navigations. Status: ok
[1734258918.528][INFO]: [7d5f84363530930d129a784e58f6e4d1] RESPONSE TypeElement
[1734258918.533][INFO]: [7d5f84363530930d129a784e58f6e4d1] COMMAND FindElement {
   "using": "xpath",
   "value": "(//input[@type='text'])[3]"
}
[1734258918.533][INFO]: Waiting for pending navigations...
[1734258918.534][INFO]: Done waiting for pending navigations. Status: ok
[1734258918.555][INFO]: Waiting for pending navigations...
[1734258918.556][INFO]: Done waiting for pending navigations. Status: ok
[1734258918.556][INFO]: [7d5f84363530930d129a784e58f6e4d1] RESPONSE FindElement {
   "element-6066-11e4-a52e-4f735466cecf": "f.4C4EF801CE16746D967E4FFCB451F1D7.d.7E4E69B4ED1A55BAA1B8690185C36CD5.e.11"
}
[1734258918.563][INFO]: [7d5f84363530930d129a784e58f6e4d1] COMMAND ClearElement {
   "id": "f.4C4EF801CE16746D967E4FFCB451F1D7.d.7E4E69B4ED1A55BAA1B8690185C36CD5.e.11"
}
[1734258918.563][INFO]: Waiting for pending navigations...
[1734258918.564][INFO]: Done waiting for pending navigations. Status: ok
[1734258918.610][INFO]: Waiting for pending navigations...
[1734258918.613][INFO]: Done waiting for pending navigations. Status: ok
[1734258918.613][INFO]: [7d5f84363530930d129a784e58f6e4d1] RESPONSE ClearElement
[1734258918.619][INFO]: [7d5f84363530930d129a784e58f6e4d1] COMMAND TypeElement {
   "id": "f.4C4EF801CE16746D967E4FFCB451F1D7.d.7E4E69B4ED1A55BAA1B8690185C36CD5.e.11",
   "text": "30",
   "value": [ "3", "0" ]
}
[1734258918.619][INFO]: Waiting for pending navigations...
[1734258918.620][INFO]: Done waiting for pending navigations. Status: ok
[1734258918.720][INFO]: Waiting for pending navigations...
[1734258918.721][INFO]: Done waiting for pending navigations. Status: ok
[1734258918.721][INFO]: [7d5f84363530930d129a784e58f6e4d1] RESPONSE TypeElement
[1734258918.730][INFO]: [7d5f84363530930d129a784e58f6e4d1] COMMAND FindElement {
   "using": "xpath",
   "value": "(//div[@role='button'])[1]"
}
[1734258918.730][INFO]: Waiting for pending navigations...
[1734258918.731][INFO]: Done waiting for pending navigations. Status: ok
[1734258918.753][INFO]: Waiting for pending navigations...
[1734258918.754][INFO]: Done waiting for pending navigations. Status: ok
[1734258918.754][INFO]: [7d5f84363530930d129a784e58f6e4d1] RESPONSE FindElement {
   "element-6066-11e4-a52e-4f735466cecf": "f.4C4EF801CE16746D967E4FFCB451F1D7.d.7E4E69B4ED1A55BAA1B8690185C36CD5.e.67"
}
[1734258918.762][INFO]: [7d5f84363530930d129a784e58f6e4d1] COMMAND ClickElement {
   "id": "f.4C4EF801CE16746D967E4FFCB451F1D7.d.7E4E69B4ED1A55BAA1B8690185C36CD5.e.67"
}
[1734258918.762][INFO]: Waiting for pending navigations...
[1734258918.763][INFO]: Done waiting for pending navigations. Status: ok
[1734258918.893][INFO]: Waiting for pending navigations...
[1734258919.832][INFO]: Done waiting for pending navigations. Status: ok
[1734258919.832][INFO]: [7d5f84363530930d129a784e58f6e4d1] RESPONSE ClickElement
[1734258919.836][INFO]: [7d5f84363530930d129a784e58f6e4d1] COMMAND FindElement {
   "using": "xpath",
   "value": "//div[@class='vHW8K']"
}
[1734258919.836][INFO]: Waiting for pending navigations...
[1734258919.837][INFO]: Done waiting for pending navigations. Status: ok
[1734258919.855][INFO]: Waiting for pending navigations...
[1734258919.857][INFO]: Done waiting for pending navigations. Status: ok
[1734258919.857][INFO]: [7d5f84363530930d129a784e58f6e4d1] RESPONSE FindElement {
   "element-6066-11e4-a52e-4f735466cecf": "f.4C4EF801CE16746D967E4FFCB451F1D7.d.A5576BFB85996FE182A01A75A2AC95D6.e.75"
}
[1734258919.862][INFO]: [7d5f84363530930d129a784e58f6e4d1] COMMAND FindElement {
   "using": "xpath",
   "value": "//div[@class='vHW8K']"
}
[1734258919.862][INFO]: Waiting for pending navigations...
[1734258919.863][INFO]: Done waiting for pending navigations. Status: ok
[1734258919.870][INFO]: Waiting for pending navigations...
[1734258919.871][INFO]: Done waiting for pending navigations. Status: ok
[1734258919.871][INFO]: [7d5f84363530930d129a784e58f6e4d1] RESPONSE FindElement {
   "element-6066-11e4-a52e-4f735466cecf": "f.4C4EF801CE16746D967E4FFCB451F1D7.d.A5576BFB85996FE182A01A75A2AC95D6.e.75"
}
[1734258919.877][INFO]: [7d5f84363530930d129a784e58f6e4d1] COMMAND GetElementText {
   "id": "f.4C4EF801CE16746D967E4FFCB451F1D7.d.A5576BFB85996FE182A01A75A2AC95D6.e.75"
}
[1734258919.877][INFO]: Waiting for pending navigations...
[1734258919.878][INFO]: Done waiting for pending navigations. Status: ok
[1734258919.897][INFO]: Waiting for pending navigations...
[1734258919.898][INFO]: Done waiting for pending navigations. Status: ok
[1734258919.898][INFO]: [7d5f84363530930d129a784e58f6e4d1] RESPONSE GetElementText "Thanks for your response, Automation Wizard!"
[1734258919.911][INFO]: [7d5f84363530930d129a784e58f6e4d1] COMMAND CloseWindow {
}
[1734258920.913][INFO]: [7d5f84363530930d129a784e58f6e4d1] RESPONSE CloseWindow [  ]
